-----------------------------------------------------------------------------

Input image     : Galaxy_field-518-0.fits[30:67,30:65] 
Init. par. file : galfit.feedme 
Restart file    : galfit.01 
Output image    : imgblock.fits 

 sersic    : (   45.70,    45.44)   15.83      7.95    1.50    0.37   -85.84
             (    0.04,     0.02)    0.03      0.23    0.05    0.00     0.44
 sky       : [ 48.50,  47.50]  1154.21  [0.00e+00]  [0.00e+00]
                                  0.27  [0.00e+00]  [0.00e+00]
 Chi^2 = 718.75809,  ndof = 1360
 Chi^2/nu = 0.528 

-----------------------------------------------------------------------------
-----------------------------------------------------------------------------

Input image     : Galaxy_field-518-0.fits[1:90,1:90] 
Init. par. file : galfit.feedme 
Restart file    : galfit.02 
Output image    : imgblock.fits 

 sersic    : (   45.70,    45.44)   15.89      7.57    1.43    0.37   -85.86
             (    0.04,     0.02)    0.01      0.15    0.04    0.00     0.44
 sky       : [ 45.50,  45.50]  1155.03  [0.00e+00]  [0.00e+00]
                                  0.06  [0.00e+00]  [0.00e+00]
 Chi^2 = 8604.90122,  ndof = 8092
 Chi^2/nu = 1.063 

-----------------------------------------------------------------------------
-----------------------------------------------------------------------------

Input image     : Galaxy_field-518-0.fits[1:90,1:90] 
Init. par. file : galfit.feedme 
Restart file    : galfit.03 
Output image    : imgblock.fits 

 sersic    : (   45.70,    45.44)   15.89      7.57    1.43    0.37   -85.86
             (    0.04,     0.02)    0.01      0.15    0.04    0.00     0.44
 sky       : [ 45.50,  45.50]  1155.03  [0.00e+00]  [0.00e+00]
                                  0.06  [0.00e+00]  [0.00e+00]
 Chi^2 = 8604.90122,  ndof = 8092
 Chi^2/nu = 1.063 

-----------------------------------------------------------------------------
-----------------------------------------------------------------------------

Input image     : Galaxy_field-518-0.fits[1:90,1:90] 
Init. par. file : galfit.feedme 
Restart file    : galfit.04 
Output image    : imgblock.fits 

 sersic    : (   45.69,    45.44)   15.89      7.51    1.42    0.37   -85.74
             (    0.03,     0.02)    0.01      0.14    0.03    0.00     0.41
 sky       : [ 45.50,  45.50]  1155.01  [0.00e+00]  [0.00e+00]
                                  0.06  [0.00e+00]  [0.00e+00]
 Chi^2 = 1117.33345,  ndof = 8092
 Chi^2/nu = 0.138 

-----------------------------------------------------------------------------
